<?xml version="1.0" encoding="UTF-8"?>
<!-- Generated by org.testng.reporters.JUnitXMLReporter -->
<testsuite hostname="Fabio" ignored="0" name="Polleo Tests" tests="8" failures="0" timestamp="2026-01-21T01:13:49 CET" time="44.182" errors="0">
  <testcase name="test1_homePageTitle" time="1.814" classname="tests.PolleoTests"/>
  <testcase name="test2_searchProtein_hasResults" time="2.877" classname="tests.PolleoTests"/>
  <testcase name="test3_searchCreatine_urlContainsSearch" time="2.778" classname="tests.PolleoTests"/>
  <testcase name="test4_openCategoryProteini" time="4.922" classname="tests.PolleoTests"/>
  <testcase name="test5_openCategoryVitamini" time="4.689" classname="tests.PolleoTests"/>
  <testcase name="test6_openPoslovnicePage" time="2.452" classname="tests.PolleoTests"/>
  <testcase name="test7_openPovratiPage" time="2.492" classname="tests.PolleoTests"/>
  <testcase name="test8_addProductToCart_fromSearch" time="8.86" classname="tests.PolleoTests"/>
</testsuite> <!-- Polleo Tests -->
