<?xml version="1.0" encoding="UTF-8"?>
<testng-results skipped="0" failed="0" ignored="0" total="8" passed="8">
  <reporter-output>
  </reporter-output>
  <suite name="TestSuite" duration-ms="44182" started-at="2026-01-21T01:13:04 CET" finished-at="2026-01-21T01:13:49 CET">
    <groups>
    </groups>
    <test name="Polleo Tests" duration-ms="44182" started-at="2026-01-21T01:13:04 CET" finished-at="2026-01-21T01:13:49 CET">
      <class name="tests.PolleoTests">
        <test-method status="PASS" signature="setUpClass()[pri:0, instance:tests.PolleoTests@4f063c0a]" name="setUpClass" is-config="true" duration-ms="1442" started-at="2026-01-21T01:13:04 CET" finished-at="2026-01-21T01:13:06 CET">
          <reporter-output>
          </reporter-output>
        </test-method> <!-- setUpClass -->
        <test-method status="PASS" signature="returnToHome()[pri:0, instance:tests.PolleoTests@4f063c0a]" name="returnToHome" is-config="true" duration-ms="2601" started-at="2026-01-21T01:13:06 CET" finished-at="2026-01-21T01:13:08 CET">
          <reporter-output>
          </reporter-output>
        </test-method> <!-- returnToHome -->
        <test-method status="PASS" signature="test1_homePageTitle()[pri:0, instance:tests.PolleoTests@4f063c0a]" name="test1_homePageTitle" duration-ms="1814" started-at="2026-01-21T01:13:08 CET" finished-at="2026-01-21T01:13:10 CET">
          <reporter-output>
          </reporter-output>
        </test-method> <!-- test1_homePageTitle -->
        <test-method status="PASS" signature="returnToHome()[pri:0, instance:tests.PolleoTests@4f063c0a]" name="returnToHome" is-config="true" duration-ms="1292" started-at="2026-01-21T01:13:10 CET" finished-at="2026-01-21T01:13:11 CET">
          <reporter-output>
          </reporter-output>
        </test-method> <!-- returnToHome -->
        <test-method status="PASS" signature="test2_searchProtein_hasResults()[pri:0, instance:tests.PolleoTests@4f063c0a]" name="test2_searchProtein_hasResults" duration-ms="2877" started-at="2026-01-21T01:13:11 CET" finished-at="2026-01-21T01:13:14 CET">
          <reporter-output>
          </reporter-output>
        </test-method> <!-- test2_searchProtein_hasResults -->
        <test-method status="PASS" signature="returnToHome()[pri:0, instance:tests.PolleoTests@4f063c0a]" name="returnToHome" is-config="true" duration-ms="1158" started-at="2026-01-21T01:13:14 CET" finished-at="2026-01-21T01:13:16 CET">
          <reporter-output>
          </reporter-output>
        </test-method> <!-- returnToHome -->
        <test-method status="PASS" signature="test3_searchCreatine_urlContainsSearch()[pri:0, instance:tests.PolleoTests@4f063c0a]" name="test3_searchCreatine_urlContainsSearch" duration-ms="2778" started-at="2026-01-21T01:13:16 CET" finished-at="2026-01-21T01:13:18 CET">
          <reporter-output>
          </reporter-output>
        </test-method> <!-- test3_searchCreatine_urlContainsSearch -->
        <test-method status="PASS" signature="returnToHome()[pri:0, instance:tests.PolleoTests@4f063c0a]" name="returnToHome" is-config="true" duration-ms="1310" started-at="2026-01-21T01:13:18 CET" finished-at="2026-01-21T01:13:20 CET">
          <reporter-output>
          </reporter-output>
        </test-method> <!-- returnToHome -->
        <test-method status="PASS" signature="test4_openCategoryProteini()[pri:0, instance:tests.PolleoTests@4f063c0a]" name="test4_openCategoryProteini" duration-ms="4922" started-at="2026-01-21T01:13:20 CET" finished-at="2026-01-21T01:13:25 CET">
          <reporter-output>
          </reporter-output>
        </test-method> <!-- test4_openCategoryProteini -->
        <test-method status="PASS" signature="returnToHome()[pri:0, instance:tests.PolleoTests@4f063c0a]" name="returnToHome" is-config="true" duration-ms="1192" started-at="2026-01-21T01:13:25 CET" finished-at="2026-01-21T01:13:26 CET">
          <reporter-output>
          </reporter-output>
        </test-method> <!-- returnToHome -->
        <test-method status="PASS" signature="test5_openCategoryVitamini()[pri:0, instance:tests.PolleoTests@4f063c0a]" name="test5_openCategoryVitamini" duration-ms="4689" started-at="2026-01-21T01:13:26 CET" finished-at="2026-01-21T01:13:30 CET">
          <reporter-output>
          </reporter-output>
        </test-method> <!-- test5_openCategoryVitamini -->
        <test-method status="PASS" signature="returnToHome()[pri:0, instance:tests.PolleoTests@4f063c0a]" name="returnToHome" is-config="true" duration-ms="1162" started-at="2026-01-21T01:13:30 CET" finished-at="2026-01-21T01:13:32 CET">
          <reporter-output>
          </reporter-output>
        </test-method> <!-- returnToHome -->
        <test-method status="PASS" signature="test6_openPoslovnicePage()[pri:0, instance:tests.PolleoTests@4f063c0a]" name="test6_openPoslovnicePage" duration-ms="2452" started-at="2026-01-21T01:13:32 CET" finished-at="2026-01-21T01:13:34 CET">
          <reporter-output>
          </reporter-output>
        </test-method> <!-- test6_openPoslovnicePage -->
        <test-method status="PASS" signature="returnToHome()[pri:0, instance:tests.PolleoTests@4f063c0a]" name="returnToHome" is-config="true" duration-ms="1224" started-at="2026-01-21T01:13:34 CET" finished-at="2026-01-21T01:13:35 CET">
          <reporter-output>
          </reporter-output>
        </test-method> <!-- returnToHome -->
        <test-method status="PASS" signature="test7_openPovratiPage()[pri:0, instance:tests.PolleoTests@4f063c0a]" name="test7_openPovratiPage" duration-ms="2492" started-at="2026-01-21T01:13:35 CET" finished-at="2026-01-21T01:13:38 CET">
          <reporter-output>
          </reporter-output>
        </test-method> <!-- test7_openPovratiPage -->
        <test-method status="PASS" signature="returnToHome()[pri:0, instance:tests.PolleoTests@4f063c0a]" name="returnToHome" is-config="true" duration-ms="1209" started-at="2026-01-21T01:13:38 CET" finished-at="2026-01-21T01:13:39 CET">
          <reporter-output>
          </reporter-output>
        </test-method> <!-- returnToHome -->
        <test-method status="PASS" signature="test8_addProductToCart_fromSearch()[pri:0, instance:tests.PolleoTests@4f063c0a]" name="test8_addProductToCart_fromSearch" duration-ms="8860" started-at="2026-01-21T01:13:39 CET" finished-at="2026-01-21T01:13:48 CET">
          <reporter-output>
          </reporter-output>
        </test-method> <!-- test8_addProductToCart_fromSearch -->
        <test-method status="PASS" signature="tearDownClass()[pri:0, instance:tests.PolleoTests@4f063c0a]" name="tearDownClass" is-config="true" duration-ms="678" started-at="2026-01-21T01:13:48 CET" finished-at="2026-01-21T01:13:49 CET">
          <reporter-output>
          </reporter-output>
        </test-method> <!-- tearDownClass -->
      </class> <!-- tests.PolleoTests -->
    </test> <!-- Polleo Tests -->
  </suite> <!-- TestSuite -->
</testng-results>
