<?xml version="1.0" encoding="UTF-8"?>
<!-- Generated by org.testng.reporters.JUnitReportReporter -->
<testsuite skipped="0" hostname="Fabio" name="tests.PolleoTests" tests="8" failures="0" timestamp="2026-01-21T01:13:49 CET" time="42.032" errors="0">
  <testcase name="test4_openCategoryProteini" time="6.131" classname="tests.PolleoTests"/>
  <system-out/>
  <testcase name="test2_searchProtein_hasResults" time="4.069" classname="tests.PolleoTests"/>
  <system-out/>
  <testcase name="test3_searchCreatine_urlContainsSearch" time="4.070" classname="tests.PolleoTests"/>
  <system-out/>
  <testcase name="test8_addProductToCart_fromSearch" time="10.084" classname="tests.PolleoTests"/>
  <system-out/>
  <testcase name="test1_homePageTitle" time="3.124" classname="tests.PolleoTests"/>
  <system-out/>
  <testcase name="test5_openCategoryVitamini" time="7.290" classname="tests.PolleoTests"/>
  <system-out/>
  <testcase name="test6_openPoslovnicePage" time="3.614" classname="tests.PolleoTests"/>
  <system-out/>
  <testcase name="test7_openPovratiPage" time="3.650" classname="tests.PolleoTests"/>
  <system-out/>
</testsuite> <!-- tests.PolleoTests -->
